{"level":"error","message":"num1 is incorrectly defined.","service":"calculation"}
{"level":"error","message":"error","service":"calculation"}
{"level":"error","message":"error","service":"calculation"}
{"level":"error","message":"num1 is incorrectly defined.","service":"calculation"}
{"level":"error","message":"error","service":"calculation"}
{"level":"error","message":"error","service":"calculation"}
{"level":"error","message":"num1 is incorrectly defined.","service":"calculation"}
{"level":"error","message":"error","service":"calculation"}
{"level":"error","message":"error","service":"calculation"}
{"level":"error","message":"error","service":"calculation"}
{"level":"error","message":"num1 is incorrectly defined.","service":"calculation"}
{"level":"error","message":"error","service":"calculation"}
{"level":"error","message":"num1 is incorrectly defined.","service":"calculation"}
{"level":"error","message":"error","service":"calculation"}
{"level":"error","message":"num1 is incorrectly defined.","service":"calculation"}
{"level":"error","message":"error","service":"calculation"}
{"level":"error","message":"Function is incorrectly defined: sub","service":"calculation"}
{"level":"error","message":"error","service":"calculation"}
{"level":"error","message":"Function is incorrectly defined: sub","service":"calculation"}
{"level":"error","message":"error","service":"calculation"}
{"level":"error","message":"num1 is incorrectly defined.","service":"calculation"}
{"level":"error","message":"error","service":"calculation"}
{"level":"error","message":"num1 is incorrectly defined.","service":"calculation"}
{"level":"error","message":"error","service":"calculation"}
{"level":"error","message":"num1 is incorrectly defined.","service":"calculation"}
{"level":"error","message":"error","service":"calculation"}
{"level":"error","message":"num1 is incorrectly defined.","service":"calculation"}
{"level":"error","message":"error","service":"calculation"}
{"level":"error","message":"num1 is incorrectly defined.","service":"calculation"}
{"level":"error","message":"error","service":"calculation"}
{"level":"error","message":"num1 is incorrectly defined.","service":"calculation"}
{"level":"error","message":"error","service":"calculation"}
{"level":"error","message":"num1 is incorrectly defined.","service":"calculation"}
{"level":"error","message":"error","service":"calculation"}
{"level":"error","message":"Function is incorrectly defined: ddd","service":"calculation"}
{"level":"error","message":"error","service":"calculation"}
{"level":"error","message":"Function is incorrectly defined: div","service":"calculation"}
{"level":"error","message":"error","service":"calculation"}
{"level":"error","message":"num1 is incorrectly defined.","service":"calculation"}
{"level":"error","message":"error","service":"calculation"}
{"level":"error","message":"Function is incorrectly defined: mult","service":"calculation"}
{"level":"error","message":"error","service":"calculation"}
{"level":"error","message":"num1 is incorrectly defined.","service":"calculation"}
{"level":"error","message":"error","service":"calculation"}
{"level":"error","message":"num1 is incorrectly defined.","service":"calculation"}
{"level":"error","message":"error","service":"calculation"}
{"level":"error","message":"Function is incorrectly defined: sub","service":"calculation"}
{"level":"error","message":"error","service":"calculation"}
{"level":"error","message":"num1 is incorrectly defined.","service":"calculation"}
{"level":"error","message":"error","service":"calculation"}
{"level":"error","message":"Function is incorrectly defined: sub","service":"calculation"}
{"level":"error","message":"error","service":"calculation"}
{"level":"error","message":"num1 is incorrectly defined.","service":"calculation"}
{"level":"error","message":"error","service":"calculation"}
{"level":"error","message":"Function is incorrectly defined: sub","service":"calculation"}
{"level":"error","message":"error","service":"calculation"}
{"level":"error","message":"num1 is incorrectly defined.","service":"calculation"}
{"level":"error","message":"error","service":"calculation"}
{"level":"error","message":"Function is incorrectly defined: sub","service":"calculation"}
{"level":"error","message":"error","service":"calculation"}
{"level":"error","message":"num1 is incorrectly defined.","service":"calculation"}
{"level":"error","message":"error","service":"calculation"}
{"level":"error","message":"Function is incorrectly defined: sub","service":"calculation"}
{"level":"error","message":"error","service":"calculation"}
{"level":"error","message":"num1 is incorrectly defined.","service":"calculation"}
{"level":"error","message":"error","service":"calculation"}
{"level":"error","message":"Function is incorrectly defined: sub","service":"calculation"}
{"level":"error","message":"error","service":"calculation"}
{"level":"error","message":"num1 is incorrectly defined.","service":"calculation"}
{"level":"error","message":"error","service":"calculation"}
{"level":"error","message":"num1 is incorrectly defined.","service":"calculation"}
{"level":"error","message":"error","service":"calculation"}
{"level":"error","message":"Function is incorrectly defined: sub","service":"calculation"}
{"level":"error","message":"error","service":"calculation"}
{"level":"error","message":"num1 is incorrectly defined.","service":"calculation"}
{"level":"error","message":"error","service":"calculation"}
{"level":"error","message":"num1 is incorrectly defined.","service":"calculation"}
{"level":"error","message":"error","service":"calculation"}
{"level":"error","message":"num1 is incorrectly defined.","service":"calculation"}
{"level":"error","message":"error","service":"calculation"}
{"level":"error","message":"num1 is incorrectly defined.","service":"calculation"}
{"level":"error","message":"error","service":"calculation"}
{"level":"error","message":"Function is incorrectly defined: mult","service":"calculation"}
{"level":"error","message":"error","service":"calculation"}
{"level":"error","message":"num1 is incorrectly defined.","service":"calculation"}
{"level":"error","message":"error","service":"calculation"}
{"level":"error","message":"Function is incorrectly defined: mult","service":"calculation"}
{"level":"error","message":"error","service":"calculation"}
{"level":"error","message":"num1 is incorrectly defined.","service":"calculation"}
{"level":"error","message":"error","service":"calculation"}
{"level":"error","message":"Function is incorrectly defined: mult","service":"calculation"}
{"level":"error","message":"error","service":"calculation"}
{"level":"error","message":"num1 is incorrectly defined.","service":"calculation"}
{"level":"error","message":"error","service":"calculation"}
{"level":"error","message":"num1 is incorrectly defined.","service":"calculation"}
{"level":"error","message":"error","service":"calculation"}
{"level":"error","message":"Function is incorrectly defined: mult","service":"calculation"}
{"level":"error","message":"error","service":"calculation"}
{"level":"error","message":"num1 is incorrectly defined.","service":"calculation"}
{"level":"error","message":"error","service":"calculation"}
{"level":"error","message":"Function is incorrectly defined: add","service":"calculation"}
{"level":"error","message":"error","service":"calculation"}
{"level":"error","message":"num1 is incorrectly defined.","service":"calculation"}
{"level":"error","message":"error","service":"calculation"}
{"level":"error","message":"Function is incorrectly defined: add","service":"calculation"}
{"level":"error","message":"error","service":"calculation"}
{"level":"error","message":"num1 is incorrectly defined.","service":"calculation"}
{"level":"error","message":"error","service":"calculation"}
{"level":"error","message":"Function is incorrectly defined: sub","service":"calculation"}
{"level":"error","message":"error","service":"calculation"}
{"level":"error","message":"num1 is incorrectly defined.","service":"calculation"}
{"level":"error","message":"error","service":"calculation"}
{"level":"error","message":"num1 is incorrectly defined.","service":"calculation"}
{"level":"error","message":"error","service":"calculation"}
{"level":"error","message":"Function is incorrectly defined: sub","service":"calculation"}
{"level":"error","message":"error","service":"calculation"}
{"level":"error","message":"num1 is incorrectly defined.","service":"calculation"}
{"level":"error","message":"error","service":"calculation"}
{"level":"error","message":"Function is incorrectly defined: add","service":"calculation"}
{"level":"error","message":"error","service":"calculation"}
{"level":"error","message":"num1 is incorrectly defined.","service":"calculation"}
{"level":"error","message":"error","service":"calculation"}
{"level":"error","message":"num1 is incorrectly defined.","service":"calculation"}
{"level":"error","message":"error","service":"calculation"}
{"level":"error","message":"num1 is incorrectly defined.","service":"calculation"}
{"level":"error","message":"error","service":"calculation"}
{"level":"error","message":"num1 is incorrectly defined.","service":"calculation"}
{"level":"error","message":"error","service":"calculation"}
{"level":"error","message":"num1 is incorrectly defined.","service":"calculation"}
{"level":"error","message":"error","service":"calculation"}
{"level":"error","message":"Function is incorrectly defined: fff","service":"calculation"}
{"level":"error","message":"error","service":"calculation"}
{"level":"error","message":"num1 is incorrectly defined.","service":"calculation"}
{"level":"error","message":"error","service":"calculation"}
{"level":"error","message":"num1 is incorrectly defined.","service":"calculation"}
{"level":"error","message":"error","service":"calculation"}
{"level":"error","message":"num1 is incorrectly defined.","service":"calculation"}
{"level":"error","message":"error","service":"calculation"}
{"level":"error","message":"num1 is incorrectly defined.","service":"calculation"}
{"level":"error","message":"error","service":"calculation"}
{"level":"error","message":"num1 is incorrectly defined.","service":"calculation"}
{"level":"error","message":"error","service":"calculation"}
{"level":"error","message":"error","service":"calculation"}
{"level":"error","message":"num1 is incorrectly defined.","service":"calculation"}
{"level":"error","message":"error","service":"calculation"}
{"level":"error","message":"num1 is incorrectly defined.","service":"calculation"}
{"level":"error","message":"error","service":"calculation"}
{"level":"error","message":"num1 is incorrectly defined.","service":"calculation"}
{"level":"error","message":"error","service":"calculation"}
{"level":"error","message":"num1 is incorrectly defined.","service":"calculation"}
{"level":"error","message":"error","service":"calculation"}
{"level":"error","message":"Function is incorrectly defined: ddd","service":"calculation"}
{"level":"error","message":"error","service":"calculation"}
{"level":"error","message":"num1 is incorrectly defined.","service":"calculation"}
{"level":"error","message":"error","service":"calculation"}
{"level":"error","message":"num1 is incorrectly defined.","service":"calculation"}
{"level":"error","message":"error","service":"calculation"}
{"level":"error","message":"Function is incorrectly defined: ddd","service":"calculation"}
{"level":"error","message":"error","service":"calculation"}
{"level":"error","message":"Function is incorrectly defined: ","service":"calculation"}
{"level":"error","message":"error","service":"calculation"}
{"level":"error","message":"Function is incorrectly defined: sss","service":"calculation"}
{"level":"error","message":"error","service":"calculation"}
{"level":"error","message":"num1 is incorrectly defined.","service":"calculation"}
{"level":"error","message":"error","service":"calculation"}
{"level":"error","message":"num1 is incorrectly defined.","service":"calculation"}
{"level":"error","message":"error","service":"calculation"}
{"level":"error","message":"num1 is incorrectly defined.","service":"calculation"}
{"level":"error","message":"error","service":"calculation"}
{"level":"error","message":"Function is incorrectly defined: ddd","service":"calculation"}
{"level":"error","message":"error","service":"calculation"}
{"level":"error","message":"num1 is incorrectly defined.","service":"calculation"}
{"level":"error","message":"error","service":"calculation"}
{"level":"error","message":"Function is incorrectly defined: ddd","service":"calculation"}
{"level":"error","message":"error","service":"calculation"}
{"level":"error","message":"num1 is incorrectly defined.","service":"calculation"}
{"level":"error","message":"error","service":"calculation"}
{"level":"error","message":"num1 is incorrectly defined.","service":"calculation"}
{"level":"error","message":"error","service":"calculation"}
{"level":"error","message":"num1 is incorrectly defined.","service":"calculation"}
{"level":"error","message":"error","service":"calculation"}
{"level":"error","message":"Function is incorrectly defined: dd","service":"calculation"}
{"level":"error","message":"error","service":"calculation"}
{"level":"error","message":"num1 is incorrectly defined.","service":"calculation"}
{"level":"error","message":"error","service":"calculation"}
{"level":"error","message":"num1 is incorrectly defined.","service":"calculation"}
{"level":"error","message":"error","service":"calculation"}
{"level":"error","message":"num1 is incorrectly defined.","service":"calculation"}
{"level":"error","message":"error","service":"calculation"}
{"level":"error","message":"num1 is incorrectly defined.","service":"calculation"}
{"level":"error","message":"error","service":"calculation"}
{"level":"error","message":"Function is incorrectly defined: eee","service":"calculation"}
{"level":"error","message":"error","service":"calculation"}
{"level":"error","message":"num1 is incorrectly defined.","service":"calculation"}
{"level":"error","message":"error","service":"calculation"}
{"level":"error","message":"num1 is incorrectly defined.","service":"calculation"}
{"level":"error","message":"error","service":"calculation"}
{"level":"error","message":"num1 is incorrectly defined.","service":"calculation"}
{"level":"error","message":"error","service":"calculation"}
{"level":"error","message":"num1 is incorrectly defined.","service":"calculation"}
{"level":"error","message":"error","service":"calculation"}
{"level":"error","message":"num2 is incorrectly defined.","service":"calculation"}
{"level":"error","message":"error","service":"calculation"}
{"level":"error","message":"Function is incorrectly defined: ","service":"calculation"}
{"level":"error","message":"error","service":"calculation"}
{"level":"error","message":"Function is incorrectly defined: ddd","service":"calculation"}
{"level":"error","message":"error","service":"calculation"}
{"level":"error","message":"num1 is incorrectly defined.","service":"calculation"}
{"level":"error","message":"error","service":"calculation"}
{"level":"error","message":"num1 is incorrectly defined.","service":"calculation"}
{"level":"error","message":"error","service":"calculation"}
{"level":"error","message":"num1 is incorrectly defined.","service":"calculation"}
{"level":"error","message":"error","service":"calculation"}
{"level":"error","message":"num1 is incorrectly defined.","service":"calculation"}
{"level":"error","message":"error","service":"calculation"}
{"level":"error","message":"num1 is incorrectly defined.","service":"calculation"}
{"level":"error","message":"error","service":"calculation"}
{"level":"error","message":"num2 is incorrectly defined.","service":"calculation"}
{"level":"error","message":"error","service":"calculation"}
{"level":"error","message":"Function is incorrectly defined: ","service":"calculation"}
{"level":"error","message":"error","service":"calculation"}
{"level":"error","message":"Function is incorrectly defined: 222","service":"calculation"}
{"level":"error","message":"error","service":"calculation"}
{"level":"error","message":"Function is incorrectly defined: ddd","service":"calculation"}
{"level":"error","message":"error","service":"calculation"}
{"level":"error","message":"num1 is incorrectly defined.","service":"calculation"}
{"level":"error","message":"error","service":"calculation"}
{"level":"error","message":"num1 is incorrectly defined.","service":"calculation"}
{"level":"error","message":"error","service":"calculation"}
{"level":"error","message":"num1 is incorrectly defined.","service":"calculation"}
{"level":"error","message":"error","service":"calculation"}
{"level":"error","message":"num1 is incorrectly defined.","service":"calculation"}
{"level":"error","message":"error","service":"calculation"}
{"level":"error","message":"num2 is incorrectly defined.","service":"calculation"}
{"level":"error","message":"error","service":"calculation"}
{"level":"error","message":"num2 is incorrectly defined.","service":"calculation"}
{"level":"error","message":"error","service":"calculation"}
{"level":"error","message":"Function is incorrectly defined: ","service":"calculation"}
{"level":"error","message":"error","service":"calculation"}
{"level":"error","message":"num1 is incorrectly defined.","service":"calculation"}
{"level":"error","message":"error","service":"calculation"}
{"level":"error","message":"Function is incorrectly defined: ddd","service":"calculation"}
{"level":"error","message":"error","service":"calculation"}
{"level":"error","message":"Function is incorrectly defined: ddd","service":"calculation"}
{"level":"error","message":"error","service":"calculation"}
{"level":"error","message":"num1 is incorrectly defined.","service":"calculation"}
{"level":"error","message":"error","service":"calculation"}
{"level":"error","message":"Function is incorrectly defined: ggg","service":"calculation"}
{"level":"error","message":"error","service":"calculation"}
{"level":"error","message":"num1 is incorrectly defined.","service":"calculation"}
{"level":"error","message":"error","service":"calculation"}
{"level":"error","message":"Function is incorrectly defined: sss","service":"calculation"}
{"level":"error","message":"error","service":"calculation"}
{"level":"error","message":"num1 is incorrectly defined.","service":"calculation"}
{"level":"error","message":"error","service":"calculation"}
{"level":"error","message":"error","service":"calculation"}
{"level":"error","message":"num1 is incorrectly defined.","service":"calculation"}
{"level":"error","message":"error","service":"calculation"}
{"level":"error","message":"num1 is incorrectly defined.","service":"calculation"}
{"level":"error","message":"error","service":"calculation"}
{"level":"error","message":"num1 is incorrectly defined.","service":"calculation"}
{"level":"error","message":"error","service":"calculation"}
{"level":"error","message":"num1 is incorrectly defined.","service":"calculation"}
{"level":"error","message":"error","service":"calculation"}
{"level":"error","message":"num2 is incorrectly defined.","service":"calculation"}
{"level":"error","message":"error","service":"calculation"}
{"level":"error","message":"Function is incorrectly defined: ","service":"calculation"}
{"level":"error","message":"error","service":"calculation"}
{"level":"error","message":"num1 is incorrectly defined.","service":"calculation"}
{"level":"error","message":"error","service":"calculation"}
{"level":"error","message":"num1 is incorrectly defined.","service":"calculation"}
{"level":"error","message":"error","service":"calculation"}
{"level":"error","message":"num2 is incorrectly defined.","service":"calculation"}
{"level":"error","message":"error","service":"calculation"}
{"level":"error","message":"Function is incorrectly defined: ","service":"calculation"}
{"level":"error","message":"error","service":"calculation"}
{"level":"error","message":"num1 is incorrectly defined.","service":"calculation"}
{"level":"error","message":"error","service":"calculation"}
{"level":"error","message":"num1 is incorrectly defined.","service":"calculation"}
{"level":"error","message":"error","service":"calculation"}
{"level":"error","message":"num1 is incorrectly defined.","service":"calculation"}
{"level":"error","message":"error","service":"calculation"}
{"level":"error","message":"Function is incorrectly defined: ","service":"calculation"}
{"level":"error","message":"error","service":"calculation"}
{"level":"error","message":"Function is incorrectly defined: ","service":"calculation"}
{"level":"error","message":"error","service":"calculation"}
{"level":"error","message":"Function is incorrectly defined: rrr","service":"calculation"}
{"level":"error","message":"error","service":"calculation"}
{"level":"error","message":"Invalid number for division; num2 cannot be 0.","service":"calculation"}
{"level":"error","message":"error","service":"calculation"}
{"level":"error","message":"num1 is incorrectly defined.","service":"calculation"}
{"level":"error","message":"error","service":"calculation"}
